#
# An unexpected error has been detected by Java Runtime Environment:
#
#  EXCEPTION_ILLEGAL_INSTRUCTION (0xc000001d) at pc=0x6d912090, pid=4128, tid=4900
#
# Java VM: Java HotSpot(TM) Client VM (10.0-b22 mixed mode, sharing windows-x86)
# Problematic frame:
# V  [jvm.dll+0xa2090]
#
# If you would like to submit a bug report, please visit:
#   http://java.sun.com/webapps/bugreport/crash.jsp
#

---------------  T H R E A D  ---------------

Current thread (0x023f2000):  JavaThread "main" [_thread_in_vm, id=4900, stack(0x00200000,0x00250000)]

siginfo: ExceptionCode=0xc000001d

Registers:
EAX=0x0024ed50, EBX=0x00000000, ECX=0x0024eaf8, EDX=0x0024eac8
ESP=0x0024ea10, EBP=0x00000000, ESI=0x0024edbc, EDI=0x0024eaf8
EIP=0x6d912090, EFLAGS=0x00010202

Top of Stack: (sp=0x0024ea10)
0x0024ea10:   6d913e16 0024eac8 0024eae0 6d913cf4
0x0024ea20:   6d913d0c 0024eae0 6d913f97 0024ed30
0x0024ea30:   6d913f5b 0024eac8 0024eaf8 02500247
0x0024ea40:   02500188 6d94051e 0024eac8 0024eaf8
0x0024ea50:   0242a4ec 02426af8 0024ec34 023f2000
0x0024ea60:   0001eb04 00000000 00000158 0000004c
0x0024ea70:   00000020 0024ed30 02500247 02500188
0x0024ea80:   00000000 0024ed50 0024ed30 0241da60 

Instructions: (pc=0x6d912090)
0x6d912080:   7d ff f7 ff 7f bf ff ef ff ff ff fb fb ff ff 7e
0x6d912090:   ff fb df ff ff bf ff ff ff ff ff ed fe 6f ff f4 


Stack: [0x00200000,0x00250000],  sp=0x0024ea10,  free space=314k
Native frames: (J=compiled Java code, j=interpreted, Vv=VM code, C=native code)
V  [jvm.dll+0xa2090]

[error occurred during error reporting (printing native stack), id 0xc0000005]

Java frames: (J=compiled Java code, j=interpreted, Vv=VM code)
v  ~BufferBlob::Interpreter
v  ~BufferBlob::Interpreter
v  ~BufferBlob::Interpreter
v  ~BufferBlob::Interpreter
v  ~BufferBlob::Interpreter
v  ~BufferBlob::Interpreter
v  ~BufferBlob::StubRoutines (1)

[error occurred during error reporting (printing Java stack), id 0xc000001d]


---------------  P R O C E S S  ---------------

Java Threads: ( => current thread )
  0x02443000 JavaThread "Finalizer" daemon [_thread_blocked, id=4420, stack(0x04620000,0x04670000)]
  0x02442000 JavaThread "Reference Handler" daemon [_thread_blocked, id=3712, stack(0x04590000,0x045e0000)]
=>0x023f2000 JavaThread "main" [_thread_in_vm, id=4900, stack(0x00200000,0x00250000)]

Other Threads:
  0x02440c00 VMThread [stack: 0x04500000,0x04550000] [id=6084]

VM state:not at safepoint (normal execution)

VM Mutex/Monitor currently owned by a thread: None

Heap
 def new generation   total 960K, used 26K [0x24550000, 0x24650000, 0x24a30000)
  eden space 896K,   2% used [0x24550000, 0x24556908, 0x24630000)
  from space 64K,   0% used [0x24630000, 0x24630000, 0x24640000)
  to   space 64K,   0% used [0x24640000, 0x24640000, 0x24650000)
 tenured generation   total 4096K, used 0K [0x24a30000, 0x24e30000, 0x28550000)
   the space 4096K,   0% used [0x24a30000, 0x24a30000, 0x24a30200, 0x24e30000)
 compacting perm gen  total 12288K, used 6K [0x28550000, 0x29150000, 0x2c550000)
   the space 12288K,   0% used [0x28550000, 0x28551ae8, 0x28551c00, 0x29150000)
    ro space 8192K,  66% used [0x2c550000, 0x2caa0e10, 0x2caa1000, 0x2cd50000)
    rw space 12288K,  52% used [0x2cd50000, 0x2d3a04c8, 0x2d3a0600, 0x2d950000)

Dynamic libraries:
0x00400000 - 0x00423000 	C:\Program Files (x86)\Java\jdk1.6.0_06\bin\javaw.exe
0x76f20000 - 0x770a0000 	C:\windows\SysWOW64\ntdll.dll
0x76140000 - 0x76250000 	C:\windows\syswow64\kernel32.dll
0x747d0000 - 0x74816000 	C:\windows\syswow64\KERNELBASE.dll
0x76090000 - 0x76130000 	C:\windows\syswow64\ADVAPI32.dll
0x76360000 - 0x7640c000 	C:\windows\syswow64\msvcrt.dll
0x74c90000 - 0x74ca9000 	C:\windows\SysWOW64\sechost.dll
0x76410000 - 0x76500000 	C:\windows\syswow64\RPCRT4.dll
0x74610000 - 0x74670000 	C:\windows\syswow64\SspiCli.dll
0x74600000 - 0x7460c000 	C:\windows\syswow64\CRYPTBASE.dll
0x75130000 - 0x75230000 	C:\windows\syswow64\USER32.dll
0x75040000 - 0x750d0000 	C:\windows\syswow64\GDI32.dll
0x74720000 - 0x7472a000 	C:\windows\syswow64\LPK.dll
0x76250000 - 0x762ed000 	C:\windows\syswow64\USP10.dll
0x750d0000 - 0x75130000 	C:\windows\system32\IMM32.DLL
0x74cb0000 - 0x74d7c000 	C:\windows\syswow64\MSCTF.dll
0x7c340000 - 0x7c396000 	C:\Program Files (x86)\Java\jdk1.6.0_06\jre\bin\msvcr71.dll
0x6d870000 - 0x6dac0000 	C:\Program Files (x86)\Java\jdk1.6.0_06\jre\bin\client\jvm.dll
0x6ecb0000 - 0x6ece2000 	C:\windows\system32\WINMM.dll
0x70d10000 - 0x70d5c000 	C:\windows\system32\apphelp.dll
0x6d320000 - 0x6d328000 	C:\Program Files (x86)\Java\jdk1.6.0_06\jre\bin\hpi.dll
0x76ef0000 - 0x76ef5000 	C:\windows\syswow64\PSAPI.DLL
0x6d820000 - 0x6d82c000 	C:\Program Files (x86)\Java\jdk1.6.0_06\jre\bin\verify.dll
0x6d3c0000 - 0x6d3df000 	C:\Program Files (x86)\Java\jdk1.6.0_06\jre\bin\java.dll
0x6d860000 - 0x6d86f000 	C:\Program Files (x86)\Java\jdk1.6.0_06\jre\bin\zip.dll

VM Arguments:
java_command: com.google.appengine.tools.enhancer.Enhance D:\Academics\Waterloo\CBSE\Project\CBSEProject_WorkSpace\EventManagerServlet_1\war\WEB-INF\classes\com\main\CreateEvent.class
Launcher Type: SUN_STANDARD

Environment Variables:
JAVA_HOME=C:\Program Files (x86)\Java\jdk1.6.0_06
PATH=C:/Program Files (x86)/Java/jre1.6.0_06/bin/client;C:/Program Files (x86)/Java/jre1.6.0_06/bin;C:\Program Files\Common Files\Microsoft Shared\Windows Live;C:\Program Files (x86)\Common Files\Microsoft Shared\Windows Live;C:\windows\system32;C:\windows;C:\windows\System32\Wbem;C:\windows\System32\WindowsPowerShell\v1.0\;C:\Program Files (x86)\Windows Live\Shared;JAVA_HOME;ATALINA_HOME_6;C:\Program Files\TortoiseSVN\bin;ATALINA_HOME_FSE
USERNAME=Owner
OS=Windows_NT
PROCESSOR_IDENTIFIER=Intel64 Family 6 Model 42 Stepping 7, GenuineIntel



---------------  S Y S T E M  ---------------

OS: Windows NT 6.1 Build 7601 Service Pack 1

CPU:total 4 (8 cores per cpu, 2 threads per core) family 6 model 10 stepping 7, cmov, cx8, fxsr, mmx, sse, sse2, sse3, ssse3, ht

Memory: 4k page, physical 4136816k(1908616k free), swap 4194303k(4194303k free)

vm_info: Java HotSpot(TM) Client VM (10.0-b22) for windows-x86 JRE (1.6.0_06-b02), built on Mar 25 2008 01:22:05 by "java_re" with MS VC++ 7.1

time: Sat Nov 12 02:03:34 2011
elapsed time: 0 seconds

